#
# A fatal error has been detected by the Java Runtime Environment:
#
#  EXCEPTION_ACCESS_VIOLATION (0xc0000005) at pc=0x6ca917be, pid=4496, tid=4220
#
# JRE version: Java(TM) SE Runtime Environment (8.0_60-b27) (build 1.8.0_60-b27)
# Java VM: Java HotSpot(TM) Client VM (25.60-b23 mixed mode windows-x86 )
# Problematic frame:
# V  [jvm.dll+0x417be]
#
# Failed to write core dump. Minidumps are not enabled by default on client versions of Windows
#
# If you would like to submit a bug report, please visit:
#   http://bugreport.java.com/bugreport/crash.jsp
#

---------------  T H R E A D  ---------------

Current thread (0x14e7e800):  JavaThread "Reference Handler" daemon [_thread_in_vm, id=4220, stack(0x048a0000,0x048f0000)]

siginfo: ExceptionCode=0xc0000005, reading address 0x00000032

Registers:
EAX=0x00000000, EBX=0x00000000, ECX=0x00000000, EDX=0x00000032
ESP=0x048efc90, EBP=0x048efc90, ESI=0x14e7e800, EDI=0x14e7e800
EIP=0x6ca917be, EFLAGS=0x00010246

Top of Stack: (sp=0x048efc90)
0x048efc90:   048efcd0 6cbcbd6f 00000000 00000000
0x048efca0:   00000000 14e7c578 048efcc0 6cbaa7d6
0x048efcb0:   00000000 6cba9705 00000000 14e7e800
0x048efcc0:   048efd08 6cbcbe5a 00000000 048efd08
0x048efcd0:   048efd08 6cbcbeca 14e7e800 00000000
0x048efce0:   00000000 00b60150 00000000 00000000
0x048efcf0:   00000000 00000000 00000000 00000000
0x048efd00:   00000003 00000000 048efdc8 6cc10466 

Instructions: (pc=0x6ca917be)
0x6ca9179e:   6c 89 04 0a 5d c3 cc cc cc cc cc cc cc cc cc cc
0x6ca917ae:   cc cc 55 8b ec 8b 4d 08 8b 15 e0 42 dc 6c 33 c0
0x6ca917be:   38 04 0a 0f 95 c0 5d c3 cc cc cc cc cc cc cc cc
0x6ca917ce:   cc cc 55 8b ec 8b 45 08 8b 0d e0 42 dc 6c c6 04 


Register to memory mapping:

EAX=0x00000000 is an unknown value
EBX=0x00000000 is an unknown value
ECX=0x00000000 is an unknown value
EDX=0x00000032 is an unknown value
ESP=0x048efc90 is pointing into the stack for thread: 0x14e7e800
EBP=0x048efc90 is pointing into the stack for thread: 0x14e7e800
ESI=0x14e7e800 is a thread
EDI=0x14e7e800 is a thread


Stack: [0x048a0000,0x048f0000],  sp=0x048efc90,  free space=319k
Native frames: (J=compiled Java code, j=interpreted, Vv=VM code, C=native code)
V  [jvm.dll+0x417be]
V  [jvm.dll+0x17bd6f]
V  [jvm.dll+0x17beca]
V  [jvm.dll+0x1c0466]
C  [msvcr100.dll+0x5c556]
C  [msvcr100.dll+0x5c600]
C  [kernel32.dll+0x1336a]
C  [ntdll.dll+0x39902]
C  [ntdll.dll+0x398d5]
C  0x00000000


---------------  P R O C E S S  ---------------

Java Threads: ( => current thread )
  0x14ec5800 JavaThread "Service Thread" daemon [_thread_blocked, id=1476, stack(0x154b0000,0x15500000)]
  0x14ebc800 JavaThread "C1 CompilerThread0" daemon [_thread_blocked, id=7008, stack(0x15240000,0x15290000)]
  0x14ebb800 JavaThread "Attach Listener" daemon [_thread_blocked, id=4020, stack(0x155b0000,0x15600000)]
  0x14eba800 JavaThread "Signal Dispatcher" daemon [_thread_blocked, id=976, stack(0x152b0000,0x15300000)]
  0x14e80c00 JavaThread "Finalizer" daemon [_thread_blocked, id=1180, stack(0x150b0000,0x15100000)]
=>0x14e7e800 JavaThread "Reference Handler" daemon [_thread_in_vm, id=4220, stack(0x048a0000,0x048f0000)]
  0x00b6cc00 JavaThread "main" [_thread_blocked, id=8112, stack(0x009d0000,0x00a20000)]

Other Threads:
  0x14e79c00 VMThread [stack: 0x00b00000,0x00b50000] [id=5272]
  0x14ec9800 WatcherThread [stack: 0x15060000,0x150b0000] [id=5648]

VM state:not at safepoint (normal execution)

VM Mutex/Monitor currently owned by a thread: None

Heap:
 def new generation   total 4928K, used 1085K [0x04a00000, 0x04f50000, 0x09f50000)
  eden space 4416K,  24% used [0x04a00000, 0x04b0f4f8, 0x04e50000)
  from space 512K,   0% used [0x04e50000, 0x04e50000, 0x04ed0000)
  to   space 512K,   0% used [0x04ed0000, 0x04ed0000, 0x04f50000)
 tenured generation   total 10944K, used 0K [0x09f50000, 0x0aa00000, 0x14a00000)
   the space 10944K,   0% used [0x09f50000, 0x09f50000, 0x09f50200, 0x0aa00000)
 Metaspace       used 2133K, capacity 2312K, committed 2368K, reserved 4480K

Card table byte_map: [0x00a20000,0x00ab0000] byte_map_base: 0x009fb000

Polling page: 0x001b0000

CodeCache: size=32768Kb used=687Kb max_used=687Kb free=32080Kb
 bounds [0x02820000, 0x028d0000, 0x04820000]
 total_blobs=164 nmethods=22 adapters=74
 compilation: enabled

Compilation events (0 events):
No events

GC Heap History (0 events):
No events

Deoptimization events (0 events):
No events

Internal exceptions (2 events):
Event: 0.106 Thread 0x00b6cc00 Exception <a 'java/lang/NoSuchMethodError': Method sun.misc.Unsafe.defineClass(Ljava/lang/String;[BII)Ljava/lang/Class; name or signature does not match> (0x04a0bb00) thrown at [D:\re\puppet\workspace\8-2-build-windows-i586-cygwin\jdk8u60\4407\hotspot\src\w√£%ª?
Event: 0.106 Thread 0x00b6cc00 Exception <a 'java/lang/NoSuchMethodError': Method sun.misc.Unsafe.prefetchRead(Ljava/lang/Object;J)V name or signature does not match> (0x04a0bdd0) thrown at [D:\re\puppet\workspace\8-2-build-windows-i586-cygwin\jdk8u60\4407\hotspot\src\share\vm\prims\jni

Events (10 events):
Event: 0.121 loading class java/util/BitSet
Event: 0.121 loading class java/util/BitSet done
Event: 0.121 loading class java/util/Locale
Event: 0.121 loading class java/util/Locale done
Event: 0.121 loading class java/util/Locale$Cache
Event: 0.121 loading class sun/util/locale/LocaleObjectCache
Event: 0.121 loading class sun/util/locale/LocaleObjectCache done
Event: 0.121 loading class java/util/Locale$Cache done
Event: 0.121 loading class java/util/concurrent/ConcurrentHashMap
Event: 0.122 loading class java/util/concurrent/ConcurrentMap


Dynamic libraries:
0x013e0000 - 0x01413000 	c:\program files (x86)\smartgit\jre\bin\java.exe
0x77330000 - 0x774b0000 	C:\Windows\SysWOW64\ntdll.dll
0x75700000 - 0x75810000 	C:\Windows\syswow64\kernel32.dll
0x76e80000 - 0x76ec7000 	C:\Windows\syswow64\KERNELBASE.dll
0x75080000 - 0x75121000 	C:\Windows\syswow64\ADVAPI32.dll
0x766f0000 - 0x7679c000 	C:\Windows\syswow64\msvcrt.dll
0x75060000 - 0x75079000 	C:\Windows\SysWOW64\sechost.dll
0x76d80000 - 0x76e70000 	C:\Windows\syswow64\RPCRT4.dll
0x74bd0000 - 0x74c30000 	C:\Windows\syswow64\SspiCli.dll
0x74bc0000 - 0x74bcc000 	C:\Windows\syswow64\CRYPTBASE.dll
0x753f0000 - 0x754f0000 	C:\Windows\syswow64\USER32.dll
0x76480000 - 0x76510000 	C:\Windows\syswow64\GDI32.dll
0x75810000 - 0x7581a000 	C:\Windows\syswow64\LPK.dll
0x76ce0000 - 0x76d7d000 	C:\Windows\syswow64\USP10.dll
0x736d0000 - 0x7386e000 	C:\Windows\WinSxS\x86_microsoft.windows.common-controls_6595b64144ccf1df_6.0.7601.18837_none_41e855142bd5705d\COMCTL32.dll
0x74c40000 - 0x74c97000 	C:\Windows\syswow64\SHLWAPI.dll
0x74ca0000 - 0x74d00000 	C:\Windows\system32\IMM32.DLL
0x765b0000 - 0x7667d000 	C:\Windows\syswow64\MSCTF.dll
0x54820000 - 0x548df000 	c:\program files (x86)\smartgit\jre\bin\msvcr100.dll
0x6ca50000 - 0x6ce15000 	c:\program files (x86)\smartgit\jre\bin\client\jvm.dll
0x73410000 - 0x73417000 	C:\Windows\system32\WSOCK32.dll
0x767b0000 - 0x767e5000 	C:\Windows\syswow64\WS2_32.dll
0x77300000 - 0x77306000 	C:\Windows\syswow64\NSI.dll
0x72e70000 - 0x72ea2000 	C:\Windows\system32\WINMM.dll
0x73870000 - 0x73879000 	C:\Windows\system32\VERSION.dll
0x74c30000 - 0x74c35000 	C:\Windows\syswow64\PSAPI.DLL
0x58980000 - 0x5898c000 	c:\program files (x86)\smartgit\jre\bin\verify.dll
0x50000000 - 0x50021000 	c:\program files (x86)\smartgit\jre\bin\java.dll
0x50040000 - 0x50053000 	c:\program files (x86)\smartgit\jre\bin\zip.dll
0x75830000 - 0x7647c000 	C:\Windows\syswow64\SHELL32.dll
0x74d90000 - 0x74eed000 	C:\Windows\syswow64\ole32.dll
0x75130000 - 0x7513b000 	C:\Windows\syswow64\profapi.dll
0x56630000 - 0x5671b000 	C:\Windows\system32\dbghelp.dll
0x56200000 - 0x56215000 	C:\Program Files (x86)\SmartGit\jre\bin\net.dll
0x715f0000 - 0x7162c000 	C:\Windows\system32\mswsock.dll
0x715e0000 - 0x715e6000 	C:\Windows\System32\wship6.dll
0x715d0000 - 0x715d5000 	C:\Windows\System32\wshtcpip.dll

VM Arguments:
jvm_args: -Djava.net.preferIPv4Stack=true -Dsmartgit.logging=true 
java_command: com.syntevo.smartgit.transport.askpass.SgAskPasswordMain Password for 'https://jonathansc92@bitbucket.org': 
java_class_path (initial): C:\Users\uneworld\AppData\Roaming\syntevo\SmartGit\updates\repo\smartgit.jar.48de0a2b5228ad3cbb24676c4e011b14abc0d3a8;C:\Users\uneworld\AppData\Roaming\syntevo\SmartGit\updates\repo\log4j.jar.f0a0d2e29ed910808c33135a3a5a51bba6358f7b;C:\Users\uneworld\AppData\Roaming\syntevo\SmartGit\updates\repo\trilead.jar.904fb3a819dc4990adefc626112bb351f23f31ec
Launcher Type: SUN_STANDARD

Environment Variables:
PATH=C:\Program Files (x86)\SmartGit\git\mingw32/libexec/git-core;C:\Program Files (x86)\SmartGit\git\mingw32\bin;C:\Program Files (x86)\SmartGit\git\usr\bin;C:\Users\uneworld\bin;C:\Program Files (x86)\SmartGit\lib;C:\ProgramData\Oracle\Java\javapath;C:\Windows\system32;C:\Windows;C:\Windows\System32\Wbem;C:\Windows\System32\WindowsPowerShell\v1.0\;C:\Program Files (x86)\Common Files\PCXTools;C:\Program Files (x86)\Skype\Phone\;C:\ProgramData\ComposerSetup\bin;c:\xampp\php;C:\Users\uneworld\AppData\Roaming\Composer\vendor\bin;c:\program files (x86)\smartgit\jre\bin
USERNAME=uneworld
OS=Windows_NT
PROCESSOR_IDENTIFIER=Intel64 Family 6 Model 58 Stepping 9, GenuineIntel



---------------  S Y S T E M  ---------------

OS: Windows 7 , 64 bit Build 7601 (6.1.7601.23807)

CPU:total 4 (2 cores per cpu, 2 threads per core) family 6 model 58 stepping 9, cmov, cx8, fxsr, mmx, sse, sse2, sse3, ssse3, sse4.1, sse4.2, popcnt, avx, clmul, erms, ht, tsc, tscinvbit, tscinv

Memory: 4k page, physical 8351204k(2815964k free), swap 16700548k(10681632k free)

vm_info: Java HotSpot(TM) Client VM (25.60-b23) for windows-x86 JRE (1.8.0_60-b27), built on Aug  4 2015 10:57:40 by "java_re" with MS VC++ 10.0 (VS2010)

time: Sun Jun 25 00:18:20 2017
elapsed time: 0 seconds (0d 0h 0m 0s)

